usage: main.py [-h] [--dataset DATASET] [--topic_num TOPIC_NUM]
               [--init_dataset] [--seed SEED] [--time_steps TIME_STEPS]
               [--AI AI] [--LAMBDA LAMBDA] [--prob_send_msg PROB_SEND_MSG]
               [--k K] [--worker_num WORKER_NUM] [--plot] [--multi_thread]
               [--plot_type PLOT_TYPE]

Hyper Parameters

optional arguments:
  -h, --help            show this help message and exit
  --dataset DATASET
  --topic_num TOPIC_NUM
  --init_dataset
  --seed SEED
  --time_steps TIME_STEPS
  --AI AI
  --LAMBDA LAMBDA
  --prob_send_msg PROB_SEND_MSG
  --k K
  --worker_num WORKER_NUM
  --plot
  --multi_thread
  --plot_type PLOT_TYPE
Namespace(AI='CB', LAMBDA=0.5, dataset='ciao_clean', init_dataset=False, k=5, multi_thread=False, plot=False, plot_type='fb', prob_send_msg=0.2, seed=321, time_steps=1000, topic_num=5, worker_num=10)
Time step: 0 | Execution time: 1s | Avg. FB: 0.523210
Time step: 1 | Execution time: 9s | Avg. FB: 1.211521
Time step: 2 | Execution time: 12s | Avg. FB: 1.410855
Time step: 3 | Execution time: 12s | Avg. FB: 1.490579
Time step: 4 | Execution time: 13s | Avg. FB: 1.527171
Time step: 5 | Execution time: 12s | Avg. FB: 1.545453
Time step: 6 | Execution time: 13s | Avg. FB: 1.554660
Time step: 7 | Execution time: 13s | Avg. FB: 1.560888
Time step: 8 | Execution time: 12s | Avg. FB: 1.563716
Time step: 9 | Execution time: 12s | Avg. FB: 1.565805
Time step: 10 | Execution time: 11s | Avg. FB: 1.566917
Time step: 11 | Execution time: 12s | Avg. FB: 1.567646
Time step: 12 | Execution time: 14s | Avg. FB: 1.567878
Time step: 13 | Execution time: 12s | Avg. FB: 1.568159
Time step: 14 | Execution time: 13s | Avg. FB: 1.568416
Time step: 15 | Execution time: 15s | Avg. FB: 1.567809
Time step: 16 | Execution time: 13s | Avg. FB: 1.567652
Time step: 17 | Execution time: 13s | Avg. FB: 1.567694
Time step: 18 | Execution time: 13s | Avg. FB: 1.567709
Time step: 19 | Execution time: 15s | Avg. FB: 1.567449
Time step: 20 | Execution time: 12s | Avg. FB: 1.567441
Time step: 21 | Execution time: 13s | Avg. FB: 1.567409
Time step: 22 | Execution time: 13s | Avg. FB: 1.567081
Time step: 23 | Execution time: 13s | Avg. FB: 1.566977
Time step: 24 | Execution time: 16s | Avg. FB: 1.566649
Time step: 25 | Execution time: 11s | Avg. FB: 1.566548
Time step: 26 | Execution time: 12s | Avg. FB: 1.566530
Time step: 27 | Execution time: 13s | Avg. FB: 1.566586
Time step: 28 | Execution time: 12s | Avg. FB: 1.566672
Time step: 29 | Execution time: 13s | Avg. FB: 1.566504
Time step: 30 | Execution time: 16s | Avg. FB: 1.566578
Time step: 31 | Execution time: 13s | Avg. FB: 1.566500
Time step: 32 | Execution time: 13s | Avg. FB: 1.566317
Time step: 33 | Execution time: 13s | Avg. FB: 1.566237
Time step: 34 | Execution time: 13s | Avg. FB: 1.566160
Time step: 35 | Execution time: 13s | Avg. FB: 1.566236
Time step: 36 | Execution time: 13s | Avg. FB: 1.566120
Time step: 37 | Execution time: 12s | Avg. FB: 1.566088
Time step: 38 | Execution time: 18s | Avg. FB: 1.565912
Time step: 39 | Execution time: 13s | Avg. FB: 1.565900
Time step: 40 | Execution time: 12s | Avg. FB: 1.565873
Time step: 41 | Execution time: 13s | Avg. FB: 1.565828
Time step: 42 | Execution time: 13s | Avg. FB: 1.565718
Time step: 43 | Execution time: 11s | Avg. FB: 1.565683
Time step: 44 | Execution time: 14s | Avg. FB: 1.565620
Time step: 45 | Execution time: 13s | Avg. FB: 1.565618
Time step: 46 | Execution time: 14s | Avg. FB: 1.565496
Time step: 47 | Execution time: 13s | Avg. FB: 1.565401
Time step: 48 | Execution time: 20s | Avg. FB: 1.565316
Time step: 49 | Execution time: 13s | Avg. FB: 1.565293
Time step: 50 | Execution time: 12s | Avg. FB: 1.565234
Time step: 51 | Execution time: 13s | Avg. FB: 1.565167
Time step: 52 | Execution time: 14s | Avg. FB: 1.565208
Time step: 53 | Execution time: 14s | Avg. FB: 1.565097
Time step: 54 | Execution time: 13s | Avg. FB: 1.564984
Time step: 55 | Execution time: 14s | Avg. FB: 1.565024
Time step: 56 | Execution time: 14s | Avg. FB: 1.565101
Time step: 57 | Execution time: 14s | Avg. FB: 1.565128
Time step: 58 | Execution time: 14s | Avg. FB: 1.565141
Time step: 59 | Execution time: 12s | Avg. FB: 1.565164
Time step: 60 | Execution time: 19s | Avg. FB: 1.565177
Time step: 61 | Execution time: 12s | Avg. FB: 1.565161
Time step: 62 | Execution time: 13s | Avg. FB: 1.565141
Time step: 63 | Execution time: 14s | Avg. FB: 1.565118
Time step: 64 | Execution time: 12s | Avg. FB: 1.565091
Time step: 65 | Execution time: 14s | Avg. FB: 1.565015
Time step: 66 | Execution time: 14s | Avg. FB: 1.564876
Time step: 67 | Execution time: 13s | Avg. FB: 1.564865
Time step: 68 | Execution time: 11s | Avg. FB: 1.564834
Time step: 69 | Execution time: 14s | Avg. FB: 1.564846
Time step: 70 | Execution time: 14s | Avg. FB: 1.564830
Time step: 71 | Execution time: 14s | Avg. FB: 1.564773
Time step: 72 | Execution time: 13s | Avg. FB: 1.564804
Time step: 73 | Execution time: 12s | Avg. FB: 1.564734
Time step: 74 | Execution time: 14s | Avg. FB: 1.564735
Time step: 75 | Execution time: 22s | Avg. FB: 1.564730
Time step: 76 | Execution time: 14s | Avg. FB: 1.564683
Time step: 77 | Execution time: 14s | Avg. FB: 1.564685
Time step: 78 | Execution time: 12s | Avg. FB: 1.564759
Time step: 79 | Execution time: 13s | Avg. FB: 1.564786
Time step: 80 | Execution time: 14s | Avg. FB: 1.564709
Time step: 81 | Execution time: 14s | Avg. FB: 1.564619
Time step: 82 | Execution time: 14s | Avg. FB: 1.564608
Time step: 83 | Execution time: 14s | Avg. FB: 1.564625
Time step: 84 | Execution time: 15s | Avg. FB: 1.564541
Time step: 85 | Execution time: 13s | Avg. FB: 1.564547
Time step: 86 | Execution time: 14s | Avg. FB: 1.564533
Time step: 87 | Execution time: 14s | Avg. FB: 1.564545
Time step: 88 | Execution time: 14s | Avg. FB: 1.564558
Time step: 89 | Execution time: 15s | Avg. FB: 1.564546
Time step: 90 | Execution time: 15s | Avg. FB: 1.564485
Time step: 91 | Execution time: 15s | Avg. FB: 1.564454
Time step: 92 | Execution time: 14s | Avg. FB: 1.564292
Time step: 93 | Execution time: 14s | Avg. FB: 1.564251
Time step: 94 | Execution time: 25s | Avg. FB: 1.564276
Time step: 95 | Execution time: 14s | Avg. FB: 1.564232
Time step: 96 | Execution time: 14s | Avg. FB: 1.564186
Time step: 97 | Execution time: 15s | Avg. FB: 1.564195
Time step: 98 | Execution time: 15s | Avg. FB: 1.564222
Time step: 99 | Execution time: 15s | Avg. FB: 1.564146
Time step: 100 | Execution time: 13s | Avg. FB: 1.564152
Time step: 101 | Execution time: 15s | Avg. FB: 1.564138
Time step: 102 | Execution time: 15s | Avg. FB: 1.564134
Time step: 103 | Execution time: 15s | Avg. FB: 1.564085
Time step: 104 | Execution time: 15s | Avg. FB: 1.564082
Time step: 105 | Execution time: 16s | Avg. FB: 1.564083
Time step: 106 | Execution time: 15s | Avg. FB: 1.564075
Time step: 107 | Execution time: 15s | Avg. FB: 1.564052
Time step: 108 | Execution time: 15s | Avg. FB: 1.564046
Time step: 109 | Execution time: 13s | Avg. FB: 1.564047
Time step: 110 | Execution time: 15s | Avg. FB: 1.564032
Time step: 111 | Execution time: 15s | Avg. FB: 1.564039
Time step: 112 | Execution time: 14s | Avg. FB: 1.564066
Time step: 113 | Execution time: 15s | Avg. FB: 1.564071
Time step: 114 | Execution time: 15s | Avg. FB: 1.564051
Time step: 115 | Execution time: 15s | Avg. FB: 1.564047
Time step: 116 | Execution time: 15s | Avg. FB: 1.564009
Time step: 117 | Execution time: 15s | Avg. FB: 1.564029
Time step: 118 | Execution time: 27s | Avg. FB: 1.564026
Time step: 119 | Execution time: 15s | Avg. FB: 1.564013
Time step: 120 | Execution time: 16s | Avg. FB: 1.564038
Time step: 121 | Execution time: 15s | Avg. FB: 1.564073
Time step: 122 | Execution time: 15s | Avg. FB: 1.564052
Time step: 123 | Execution time: 15s | Avg. FB: 1.564069
Time step: 124 | Execution time: 16s | Avg. FB: 1.564113
Time step: 125 | Execution time: 16s | Avg. FB: 1.564064
Time step: 126 | Execution time: 15s | Avg. FB: 1.564050
Time step: 127 | Execution time: 16s | Avg. FB: 1.564003
Time step: 128 | Execution time: 14s | Avg. FB: 1.564008
Time step: 129 | Execution time: 16s | Avg. FB: 1.563970
Time step: 130 | Execution time: 14s | Avg. FB: 1.563986
Time step: 131 | Execution time: 16s | Avg. FB: 1.563953
Time step: 132 | Execution time: 16s | Avg. FB: 1.563934
Time step: 133 | Execution time: 15s | Avg. FB: 1.563934
Time step: 134 | Execution time: 16s | Avg. FB: 1.563950
Time step: 135 | Execution time: 16s | Avg. FB: 1.563922
Time step: 136 | Execution time: 16s | Avg. FB: 1.563905
Time step: 137 | Execution time: 15s | Avg. FB: 1.563927
Time step: 138 | Execution time: 16s | Avg. FB: 1.563931
Time step: 139 | Execution time: 16s | Avg. FB: 1.563902
Time step: 140 | Execution time: 15s | Avg. FB: 1.563907
Time step: 141 | Execution time: 16s | Avg. FB: 1.563916
Time step: 142 | Execution time: 15s | Avg. FB: 1.563866
Time step: 143 | Execution time: 16s | Avg. FB: 1.563843
Time step: 144 | Execution time: 15s | Avg. FB: 1.563850
Time step: 145 | Execution time: 16s | Avg. FB: 1.563855
Time step: 146 | Execution time: 16s | Avg. FB: 1.563869
Time step: 147 | Execution time: 33s | Avg. FB: 1.563879
Time step: 148 | Execution time: 16s | Avg. FB: 1.563859
Time step: 149 | Execution time: 16s | Avg. FB: 1.563871
Time step: 150 | Execution time: 15s | Avg. FB: 1.563882
Time step: 151 | Execution time: 16s | Avg. FB: 1.563846
Time step: 152 | Execution time: 16s | Avg. FB: 1.563828
Time step: 153 | Execution time: 15s | Avg. FB: 1.563835
Time step: 154 | Execution time: 17s | Avg. FB: 1.563810
Time step: 155 | Execution time: 16s | Avg. FB: 1.563817
Time step: 156 | Execution time: 16s | Avg. FB: 1.563834
Time step: 157 | Execution time: 16s | Avg. FB: 1.563821
Time step: 158 | Execution time: 16s | Avg. FB: 1.563815
Time step: 159 | Execution time: 16s | Avg. FB: 1.563834
Time step: 160 | Execution time: 16s | Avg. FB: 1.563850
Time step: 161 | Execution time: 16s | Avg. FB: 1.563822
Time step: 162 | Execution time: 16s | Avg. FB: 1.563839
Time step: 163 | Execution time: 16s | Avg. FB: 1.563810
Time step: 164 | Execution time: 17s | Avg. FB: 1.563785
Time step: 165 | Execution time: 16s | Avg. FB: 1.563782
Time step: 166 | Execution time: 15s | Avg. FB: 1.563780
Time step: 167 | Execution time: 16s | Avg. FB: 1.563800
Time step: 168 | Execution time: 17s | Avg. FB: 1.563796
Time step: 169 | Execution time: 16s | Avg. FB: 1.563806
Time step: 170 | Execution time: 16s | Avg. FB: 1.563824
Time step: 171 | Execution time: 17s | Avg. FB: 1.563841
Time step: 172 | Execution time: 17s | Avg. FB: 1.563826
Time step: 173 | Execution time: 16s | Avg. FB: 1.563822
Time step: 174 | Execution time: 17s | Avg. FB: 1.563832
Time step: 175 | Execution time: 16s | Avg. FB: 1.563817
Time step: 176 | Execution time: 16s | Avg. FB: 1.563822
Time step: 177 | Execution time: 16s | Avg. FB: 1.563806
Time step: 178 | Execution time: 18s | Avg. FB: 1.563784
Time step: 179 | Execution time: 16s | Avg. FB: 1.563797
Time step: 180 | Execution time: 17s | Avg. FB: 1.563831
Time step: 181 | Execution time: 17s | Avg. FB: 1.563859
Time step: 182 | Execution time: 17s | Avg. FB: 1.563871
Time step: 183 | Execution time: 39s | Avg. FB: 1.563889
Time step: 184 | Execution time: 17s | Avg. FB: 1.563899
Time step: 185 | Execution time: 17s | Avg. FB: 1.563906
Time step: 186 | Execution time: 17s | Avg. FB: 1.563908
Time step: 187 | Execution time: 17s | Avg. FB: 1.563895
Time step: 188 | Execution time: 16s | Avg. FB: 1.563890
Time step: 189 | Execution time: 17s | Avg. FB: 1.563879
Time step: 190 | Execution time: 15s | Avg. FB: 1.563870
Time step: 191 | Execution time: 17s | Avg. FB: 1.563891
Time step: 192 | Execution time: 15s | Avg. FB: 1.563896
Time step: 193 | Execution time: 17s | Avg. FB: 1.563890
Time step: 194 | Execution time: 18s | Avg. FB: 1.563873
Time step: 195 | Execution time: 15s | Avg. FB: 1.563897
Time step: 196 | Execution time: 16s | Avg. FB: 1.563906
Time step: 197 | Execution time: 17s | Avg. FB: 1.563918
Time step: 198 | Execution time: 18s | Avg. FB: 1.563920
Time step: 199 | Execution time: 16s | Avg. FB: 1.563937
Time step: 200 | Execution time: 18s | Avg. FB: 1.563948
Time step: 201 | Execution time: 18s | Avg. FB: 1.563950
Time step: 202 | Execution time: 17s | Avg. FB: 1.563947
Time step: 203 | Execution time: 16s | Avg. FB: 1.563940
Time step: 204 | Execution time: 16s | Avg. FB: 1.563935
Time step: 205 | Execution time: 17s | Avg. FB: 1.563940
Time step: 206 | Execution time: 18s | Avg. FB: 1.563954
Time step: 207 | Execution time: 18s | Avg. FB: 1.563973
Time step: 208 | Execution time: 18s | Avg. FB: 1.563963
Time step: 209 | Execution time: 16s | Avg. FB: 1.563976
Time step: 210 | Execution time: 17s | Avg. FB: 1.563990
Time step: 211 | Execution time: 18s | Avg. FB: 1.564008
Time step: 212 | Execution time: 18s | Avg. FB: 1.564022
Time step: 213 | Execution time: 18s | Avg. FB: 1.564025
Time step: 214 | Execution time: 17s | Avg. FB: 1.564025
Time step: 215 | Execution time: 17s | Avg. FB: 1.564013
Time step: 216 | Execution time: 18s | Avg. FB: 1.564007
Time step: 217 | Execution time: 18s | Avg. FB: 1.564009
Time step: 218 | Execution time: 17s | Avg. FB: 1.564017
Time step: 219 | Execution time: 18s | Avg. FB: 1.564015
Time step: 220 | Execution time: 18s | Avg. FB: 1.564026
Time step: 221 | Execution time: 17s | Avg. FB: 1.564034
Time step: 222 | Execution time: 17s | Avg. FB: 1.564021
Time step: 223 | Execution time: 18s | Avg. FB: 1.564020
Time step: 224 | Execution time: 18s | Avg. FB: 1.564037
Time step: 225 | Execution time: 19s | Avg. FB: 1.564038
Time step: 226 | Execution time: 18s | Avg. FB: 1.564038
Time step: 227 | Execution time: 19s | Avg. FB: 1.564024
Time step: 228 | Execution time: 17s | Avg. FB: 1.563999
Time step: 229 | Execution time: 43s | Avg. FB: 1.563991
Time step: 230 | Execution time: 18s | Avg. FB: 1.564000
Time step: 231 | Execution time: 17s | Avg. FB: 1.563992
Time step: 232 | Execution time: 18s | Avg. FB: 1.563990
Time step: 233 | Execution time: 18s | Avg. FB: 1.563993
Time step: 234 | Execution time: 19s | Avg. FB: 1.563995
Time step: 235 | Execution time: 18s | Avg. FB: 1.563992
Time step: 236 | Execution time: 18s | Avg. FB: 1.563942
Time step: 237 | Execution time: 18s | Avg. FB: 1.563937
Time step: 238 | Execution time: 18s | Avg. FB: 1.563930
Time step: 239 | Execution time: 19s | Avg. FB: 1.563934
Time step: 240 | Execution time: 17s | Avg. FB: 1.563941
Time step: 241 | Execution time: 18s | Avg. FB: 1.563950
Time step: 242 | Execution time: 18s | Avg. FB: 1.563959
Time step: 243 | Execution time: 19s | Avg. FB: 1.563964
Time step: 244 | Execution time: 18s | Avg. FB: 1.563969
Time step: 245 | Execution time: 18s | Avg. FB: 1.563966
Time step: 246 | Execution time: 18s | Avg. FB: 1.563981
Time step: 247 | Execution time: 19s | Avg. FB: 1.563986
Time step: 248 | Execution time: 18s | Avg. FB: 1.563983
Time step: 249 | Execution time: 17s | Avg. FB: 1.563984
Time step: 250 | Execution time: 18s | Avg. FB: 1.563998
Time step: 251 | Execution time: 18s | Avg. FB: 1.564005
Time step: 252 | Execution time: 18s | Avg. FB: 1.563993
Time step: 253 | Execution time: 19s | Avg. FB: 1.564001
Time step: 254 | Execution time: 17s | Avg. FB: 1.564001
Time step: 255 | Execution time: 19s | Avg. FB: 1.563993
Time step: 256 | Execution time: 18s | Avg. FB: 1.563998
Time step: 257 | Execution time: 19s | Avg. FB: 1.563998
Time step: 258 | Execution time: 19s | Avg. FB: 1.564004
Time step: 259 | Execution time: 19s | Avg. FB: 1.564002
Time step: 260 | Execution time: 19s | Avg. FB: 1.563991
Time step: 261 | Execution time: 19s | Avg. FB: 1.563988
Time step: 262 | Execution time: 18s | Avg. FB: 1.563980
Time step: 263 | Execution time: 20s | Avg. FB: 1.563980
Time step: 264 | Execution time: 18s | Avg. FB: 1.563986
Time step: 265 | Execution time: 19s | Avg. FB: 1.563980
Time step: 266 | Execution time: 18s | Avg. FB: 1.563977
Time step: 267 | Execution time: 19s | Avg. FB: 1.563965
Time step: 268 | Execution time: 19s | Avg. FB: 1.563952
Time step: 269 | Execution time: 18s | Avg. FB: 1.563956
Time step: 270 | Execution time: 19s | Avg. FB: 1.563971
Time step: 271 | Execution time: 19s | Avg. FB: 1.563974
Time step: 272 | Execution time: 19s | Avg. FB: 1.563976
Time step: 273 | Execution time: 20s | Avg. FB: 1.563971
Time step: 274 | Execution time: 19s | Avg. FB: 1.563974
Time step: 275 | Execution time: 18s | Avg. FB: 1.563984
Time step: 276 | Execution time: 20s | Avg. FB: 1.563972
Time step: 277 | Execution time: 19s | Avg. FB: 1.563965
Time step: 278 | Execution time: 19s | Avg. FB: 1.563960
Time step: 279 | Execution time: 20s | Avg. FB: 1.563964
Time step: 280 | Execution time: 19s | Avg. FB: 1.563940
Time step: 281 | Execution time: 19s | Avg. FB: 1.563931
Time step: 282 | Execution time: 20s | Avg. FB: 1.563892
Time step: 283 | Execution time: 19s | Avg. FB: 1.563899
Time step: 284 | Execution time: 20s | Avg. FB: 1.563898
Time step: 285 | Execution time: 20s | Avg. FB: 1.563869
Time step: 286 | Execution time: 51s | Avg. FB: 1.563864
Time step: 287 | Execution time: 20s | Avg. FB: 1.563853
Time step: 288 | Execution time: 19s | Avg. FB: 1.563865
Time step: 289 | Execution time: 20s | Avg. FB: 1.563873
Time step: 290 | Execution time: 20s | Avg. FB: 1.563845
Time step: 291 | Execution time: 20s | Avg. FB: 1.563844
Time step: 292 | Execution time: 20s | Avg. FB: 1.563843
Time step: 293 | Execution time: 19s | Avg. FB: 1.563848
Time step: 294 | Execution time: 19s | Avg. FB: 1.563866
Time step: 295 | Execution time: 20s | Avg. FB: 1.563886
Time step: 296 | Execution time: 16s | Avg. FB: 1.563893
Time step: 297 | Execution time: 18s | Avg. FB: 1.563901
Time step: 298 | Execution time: 19s | Avg. FB: 1.563881
Time step: 299 | Execution time: 19s | Avg. FB: 1.563879
Time step: 300 | Execution time: 19s | Avg. FB: 1.563883
Time step: 301 | Execution time: 21s | Avg. FB: 1.563874
Time step: 302 | Execution time: 18s | Avg. FB: 1.563877
Time step: 303 | Execution time: 21s | Avg. FB: 1.563859
Time step: 304 | Execution time: 20s | Avg. FB: 1.563864
Time step: 305 | Execution time: 19s | Avg. FB: 1.563876
Time step: 306 | Execution time: 20s | Avg. FB: 1.563876
Time step: 307 | Execution time: 21s | Avg. FB: 1.563874
Time step: 308 | Execution time: 20s | Avg. FB: 1.563867
Time step: 309 | Execution time: 18s | Avg. FB: 1.563870
Time step: 310 | Execution time: 20s | Avg. FB: 1.563876
Time step: 311 | Execution time: 21s | Avg. FB: 1.563874
Time step: 312 | Execution time: 20s | Avg. FB: 1.563873
Time step: 313 | Execution time: 21s | Avg. FB: 1.563870
Time step: 314 | Execution time: 19s | Avg. FB: 1.563864
Time step: 315 | Execution time: 21s | Avg. FB: 1.563866
Time step: 316 | Execution time: 21s | Avg. FB: 1.563861
Time step: 317 | Execution time: 21s | Avg. FB: 1.563856
Time step: 318 | Execution time: 20s | Avg. FB: 1.563863
Time step: 319 | Execution time: 19s | Avg. FB: 1.563876
Time step: 320 | Execution time: 20s | Avg. FB: 1.563888
Time step: 321 | Execution time: 21s | Avg. FB: 1.563890
Time step: 322 | Execution time: 21s | Avg. FB: 1.563892
Time step: 323 | Execution time: 21s | Avg. FB: 1.563893
Time step: 324 | Execution time: 21s | Avg. FB: 1.563886
Time step: 325 | Execution time: 20s | Avg. FB: 1.563853
Time step: 326 | Execution time: 21s | Avg. FB: 1.563860
Time step: 327 | Execution time: 21s | Avg. FB: 1.563864
Time step: 328 | Execution time: 21s | Avg. FB: 1.563867
Time step: 329 | Execution time: 21s | Avg. FB: 1.563861
Time step: 330 | Execution time: 22s | Avg. FB: 1.563833
Time step: 331 | Execution time: 20s | Avg. FB: 1.563832
Time step: 332 | Execution time: 21s | Avg. FB: 1.563845
Time step: 333 | Execution time: 21s | Avg. FB: 1.563855
Time step: 334 | Execution time: 21s | Avg. FB: 1.563852
Time step: 335 | Execution time: 22s | Avg. FB: 1.563848
Time step: 336 | Execution time: 21s | Avg. FB: 1.563838
Time step: 337 | Execution time: 21s | Avg. FB: 1.563840
Time step: 338 | Execution time: 20s | Avg. FB: 1.563846
Time step: 339 | Execution time: 21s | Avg. FB: 1.563853
Time step: 340 | Execution time: 22s | Avg. FB: 1.563850
Time step: 341 | Execution time: 22s | Avg. FB: 1.563853
Time step: 342 | Execution time: 22s | Avg. FB: 1.563846
Time step: 343 | Execution time: 21s | Avg. FB: 1.563857
Time step: 344 | Execution time: 22s | Avg. FB: 1.563854
Time step: 345 | Execution time: 20s | Avg. FB: 1.563846
Time step: 346 | Execution time: 22s | Avg. FB: 1.563839
Time step: 347 | Execution time: 22s | Avg. FB: 1.563844
Time step: 348 | Execution time: 22s | Avg. FB: 1.563841
Time step: 349 | Execution time: 21s | Avg. FB: 1.563857
Time step: 350 | Execution time: 21s | Avg. FB: 1.563851
Time step: 351 | Execution time: 22s | Avg. FB: 1.563850
Time step: 352 | Execution time: 21s | Avg. FB: 1.563852
Time step: 353 | Execution time: 20s | Avg. FB: 1.563855
Time step: 354 | Execution time: 22s | Avg. FB: 1.563863
Time step: 355 | Execution time: 22s | Avg. FB: 1.563854
Time step: 356 | Execution time: 22s | Avg. FB: 1.563862
Time step: 357 | Execution time: 63s | Avg. FB: 1.563850
Time step: 358 | Execution time: 21s | Avg. FB: 1.563851
Time step: 359 | Execution time: 22s | Avg. FB: 1.563849
Time step: 360 | Execution time: 21s | Avg. FB: 1.563848
Time step: 361 | Execution time: 22s | Avg. FB: 1.563838
Time step: 362 | Execution time: 22s | Avg. FB: 1.563845
Time step: 363 | Execution time: 22s | Avg. FB: 1.563849
Time step: 364 | Execution time: 22s | Avg. FB: 1.563853
Time step: 365 | Execution time: 22s | Avg. FB: 1.563861
Time step: 366 | Execution time: 22s | Avg. FB: 1.563857
Time step: 367 | Execution time: 22s | Avg. FB: 1.563860
Time step: 368 | Execution time: 22s | Avg. FB: 1.563865
Time step: 369 | Execution time: 22s | Avg. FB: 1.563857
Time step: 370 | Execution time: 22s | Avg. FB: 1.563841
Time step: 371 | Execution time: 22s | Avg. FB: 1.563834
Time step: 372 | Execution time: 23s | Avg. FB: 1.563833
Time step: 373 | Execution time: 22s | Avg. FB: 1.563834
Time step: 374 | Execution time: 22s | Avg. FB: 1.563841
Time step: 375 | Execution time: 22s | Avg. FB: 1.563829
Time step: 376 | Execution time: 22s | Avg. FB: 1.563824
Time step: 377 | Execution time: 22s | Avg. FB: 1.563822
Time step: 378 | Execution time: 21s | Avg. FB: 1.563833
Time step: 379 | Execution time: 23s | Avg. FB: 1.563831
Time step: 380 | Execution time: 23s | Avg. FB: 1.563820
Time step: 381 | Execution time: 23s | Avg. FB: 1.563802
Time step: 382 | Execution time: 22s | Avg. FB: 1.563795
Time step: 383 | Execution time: 22s | Avg. FB: 1.563795
Time step: 384 | Execution time: 23s | Avg. FB: 1.563800
Time step: 385 | Execution time: 23s | Avg. FB: 1.563809
Time step: 386 | Execution time: 23s | Avg. FB: 1.563801
Time step: 387 | Execution time: 23s | Avg. FB: 1.563806
Time step: 388 | Execution time: 20s | Avg. FB: 1.563775
Time step: 389 | Execution time: 21s | Avg. FB: 1.563769
Time step: 390 | Execution time: 21s | Avg. FB: 1.563765
Time step: 391 | Execution time: 21s | Avg. FB: 1.563768
Time step: 392 | Execution time: 22s | Avg. FB: 1.563751
Time step: 393 | Execution time: 23s | Avg. FB: 1.563750
Time step: 394 | Execution time: 21s | Avg. FB: 1.563754
Time step: 395 | Execution time: 23s | Avg. FB: 1.563755
Time step: 396 | Execution time: 23s | Avg. FB: 1.563762
Time step: 397 | Execution time: 21s | Avg. FB: 1.563763
Time step: 398 | Execution time: 22s | Avg. FB: 1.563765
Time step: 399 | Execution time: 22s | Avg. FB: 1.563764
Time step: 400 | Execution time: 22s | Avg. FB: 1.563768
Time step: 401 | Execution time: 22s | Avg. FB: 1.563778
Time step: 402 | Execution time: 23s | Avg. FB: 1.563781
Time step: 403 | Execution time: 23s | Avg. FB: 1.563779
Time step: 404 | Execution time: 23s | Avg. FB: 1.563784
Time step: 405 | Execution time: 22s | Avg. FB: 1.563780
Time step: 406 | Execution time: 22s | Avg. FB: 1.563791
Time step: 407 | Execution time: 24s | Avg. FB: 1.563792
Time step: 408 | Execution time: 23s | Avg. FB: 1.563795
Time step: 409 | Execution time: 23s | Avg. FB: 1.563795
Time step: 410 | Execution time: 24s | Avg. FB: 1.563791
Time step: 411 | Execution time: 22s | Avg. FB: 1.563790
Time step: 412 | Execution time: 23s | Avg. FB: 1.563794
Time step: 413 | Execution time: 24s | Avg. FB: 1.563796
Time step: 414 | Execution time: 23s | Avg. FB: 1.563776
Time step: 415 | Execution time: 23s | Avg. FB: 1.563778
Time step: 416 | Execution time: 23s | Avg. FB: 1.563783
Time step: 417 | Execution time: 22s | Avg. FB: 1.563785
Time step: 418 | Execution time: 24s | Avg. FB: 1.563784
Time step: 419 | Execution time: 23s | Avg. FB: 1.563794
Time step: 420 | Execution time: 24s | Avg. FB: 1.563793
Time step: 421 | Execution time: 24s | Avg. FB: 1.563792
Time step: 422 | Execution time: 24s | Avg. FB: 1.563793
Time step: 423 | Execution time: 22s | Avg. FB: 1.563792
Time step: 424 | Execution time: 23s | Avg. FB: 1.563791
Time step: 425 | Execution time: 23s | Avg. FB: 1.563798
Time step: 426 | Execution time: 24s | Avg. FB: 1.563799
Time step: 427 | Execution time: 23s | Avg. FB: 1.563805
Time step: 428 | Execution time: 24s | Avg. FB: 1.563807
Time step: 429 | Execution time: 23s | Avg. FB: 1.563817
Time step: 430 | Execution time: 23s | Avg. FB: 1.563807
Time step: 431 | Execution time: 24s | Avg. FB: 1.563807
Time step: 432 | Execution time: 24s | Avg. FB: 1.563804
Time step: 433 | Execution time: 24s | Avg. FB: 1.563803
Time step: 434 | Execution time: 24s | Avg. FB: 1.563803
Time step: 435 | Execution time: 24s | Avg. FB: 1.563805
Time step: 436 | Execution time: 24s | Avg. FB: 1.563800
Time step: 437 | Execution time: 24s | Avg. FB: 1.563806
Time step: 438 | Execution time: 23s | Avg. FB: 1.563809
Time step: 439 | Execution time: 24s | Avg. FB: 1.563803
Time step: 440 | Execution time: 24s | Avg. FB: 1.563806
Time step: 441 | Execution time: 23s | Avg. FB: 1.563803
Time step: 442 | Execution time: 24s | Avg. FB: 1.563809
Time step: 443 | Execution time: 24s | Avg. FB: 1.563809
Time step: 444 | Execution time: 23s | Avg. FB: 1.563811
Time step: 445 | Execution time: 73s | Avg. FB: 1.563813
Time step: 446 | Execution time: 24s | Avg. FB: 1.563817
Time step: 447 | Execution time: 23s | Avg. FB: 1.563826
Time step: 448 | Execution time: 24s | Avg. FB: 1.563826
Time step: 449 | Execution time: 23s | Avg. FB: 1.563811
Time step: 450 | Execution time: 23s | Avg. FB: 1.563817
Time step: 451 | Execution time: 24s | Avg. FB: 1.563823
Time step: 452 | Execution time: 24s | Avg. FB: 1.563818
Time step: 453 | Execution time: 23s | Avg. FB: 1.563821
Time step: 454 | Execution time: 25s | Avg. FB: 1.563822
Time step: 455 | Execution time: 24s | Avg. FB: 1.563825
Time step: 456 | Execution time: 25s | Avg. FB: 1.563813
Time step: 457 | Execution time: 24s | Avg. FB: 1.563801
Time step: 458 | Execution time: 24s | Avg. FB: 1.563801
Time step: 459 | Execution time: 25s | Avg. FB: 1.563803
Time step: 460 | Execution time: 24s | Avg. FB: 1.563813
Time step: 461 | Execution time: 25s | Avg. FB: 1.563817
Time step: 462 | Execution time: 22s | Avg. FB: 1.563821
Time step: 463 | Execution time: 23s | Avg. FB: 1.563826
Time step: 464 | Execution time: 24s | Avg. FB: 1.563826
Time step: 465 | Execution time: 23s | Avg. FB: 1.563827
Time step: 466 | Execution time: 24s | Avg. FB: 1.563827
Time step: 467 | Execution time: 24s | Avg. FB: 1.563824
Time step: 468 | Execution time: 23s | Avg. FB: 1.563822
Time step: 469 | Execution time: 25s | Avg. FB: 1.563811
Time step: 470 | Execution time: 24s | Avg. FB: 1.563810
Time step: 471 | Execution time: 24s | Avg. FB: 1.563816
Time step: 472 | Execution time: 25s | Avg. FB: 1.563816
Time step: 473 | Execution time: 25s | Avg. FB: 1.563819
Time step: 474 | Execution time: 23s | Avg. FB: 1.563826
Time step: 475 | Execution time: 24s | Avg. FB: 1.563825
Time step: 476 | Execution time: 25s | Avg. FB: 1.563827
Time step: 477 | Execution time: 24s | Avg. FB: 1.563830
Time step: 478 | Execution time: 24s | Avg. FB: 1.563831
Time step: 479 | Execution time: 25s | Avg. FB: 1.563839
Time step: 480 | Execution time: 25s | Avg. FB: 1.563831
Time step: 481 | Execution time: 24s | Avg. FB: 1.563825
Time step: 482 | Execution time: 25s | Avg. FB: 1.563837
Time step: 483 | Execution time: 24s | Avg. FB: 1.563843
Time step: 484 | Execution time: 26s | Avg. FB: 1.563844
Time step: 485 | Execution time: 25s | Avg. FB: 1.563850
Time step: 486 | Execution time: 25s | Avg. FB: 1.563854
Time step: 487 | Execution time: 25s | Avg. FB: 1.563849
Time step: 488 | Execution time: 25s | Avg. FB: 1.563849
Time step: 489 | Execution time: 24s | Avg. FB: 1.563856
Time step: 490 | Execution time: 25s | Avg. FB: 1.563852
Time step: 491 | Execution time: 25s | Avg. FB: 1.563843
Time step: 492 | Execution time: 25s | Avg. FB: 1.563845
Time step: 493 | Execution time: 25s | Avg. FB: 1.563834
Time step: 494 | Execution time: 25s | Avg. FB: 1.563830
Time step: 495 | Execution time: 24s | Avg. FB: 1.563826
Time step: 496 | Execution time: 26s | Avg. FB: 1.563824
Time step: 497 | Execution time: 25s | Avg. FB: 1.563825
Time step: 498 | Execution time: 26s | Avg. FB: 1.563820
Time step: 499 | Execution time: 25s | Avg. FB: 1.563813
Time step: 500 | Execution time: 25s | Avg. FB: 1.563812
Time step: 501 | Execution time: 25s | Avg. FB: 1.563803
Time step: 502 | Execution time: 26s | Avg. FB: 1.563799
Time step: 503 | Execution time: 26s | Avg. FB: 1.563796
Time step: 504 | Execution time: 26s | Avg. FB: 1.563789
Time step: 505 | Execution time: 26s | Avg. FB: 1.563786
Time step: 506 | Execution time: 26s | Avg. FB: 1.563787
Time step: 507 | Execution time: 25s | Avg. FB: 1.563787
Time step: 508 | Execution time: 25s | Avg. FB: 1.563793
Time step: 509 | Execution time: 26s | Avg. FB: 1.563787
Time step: 510 | Execution time: 24s | Avg. FB: 1.563790
Time step: 511 | Execution time: 26s | Avg. FB: 1.563794
Time step: 512 | Execution time: 26s | Avg. FB: 1.563780
Time step: 513 | Execution time: 25s | Avg. FB: 1.563777
Time step: 514 | Execution time: 25s | Avg. FB: 1.563781
Time step: 515 | Execution time: 26s | Avg. FB: 1.563784
Time step: 516 | Execution time: 25s | Avg. FB: 1.563779
Time step: 517 | Execution time: 26s | Avg. FB: 1.563779
Time step: 518 | Execution time: 25s | Avg. FB: 1.563778
Time step: 519 | Execution time: 25s | Avg. FB: 1.563776
Time step: 520 | Execution time: 26s | Avg. FB: 1.563772
Time step: 521 | Execution time: 26s | Avg. FB: 1.563770
Time step: 522 | Execution time: 26s | Avg. FB: 1.563770
Time step: 523 | Execution time: 26s | Avg. FB: 1.563776
Time step: 524 | Execution time: 25s | Avg. FB: 1.563775
Time step: 525 | Execution time: 27s | Avg. FB: 1.563771
Time step: 526 | Execution time: 27s | Avg. FB: 1.563780
Time step: 527 | Execution time: 27s | Avg. FB: 1.563779
Time step: 528 | Execution time: 26s | Avg. FB: 1.563782
Time step: 529 | Execution time: 27s | Avg. FB: 1.563774
Time step: 530 | Execution time: 27s | Avg. FB: 1.563777
Time step: 531 | Execution time: 27s | Avg. FB: 1.563780
Time step: 532 | Execution time: 27s | Avg. FB: 1.563786
Time step: 533 | Execution time: 24s | Avg. FB: 1.563785
Time step: 534 | Execution time: 25s | Avg. FB: 1.563793
Time step: 535 | Execution time: 25s | Avg. FB: 1.563797
Time step: 536 | Execution time: 26s | Avg. FB: 1.563798
Time step: 537 | Execution time: 26s | Avg. FB: 1.563796
Time step: 538 | Execution time: 26s | Avg. FB: 1.563777
Time step: 539 | Execution time: 27s | Avg. FB: 1.563779
Time step: 540 | Execution time: 25s | Avg. FB: 1.563778
Time step: 541 | Execution time: 26s | Avg. FB: 1.563781
Time step: 542 | Execution time: 27s | Avg. FB: 1.563787
Time step: 543 | Execution time: 26s | Avg. FB: 1.563794
Time step: 544 | Execution time: 26s | Avg. FB: 1.563801
Time step: 545 | Execution time: 26s | Avg. FB: 1.563803
Time step: 546 | Execution time: 27s | Avg. FB: 1.563814
Time step: 547 | Execution time: 26s | Avg. FB: 1.563819
Time step: 548 | Execution time: 27s | Avg. FB: 1.563815
Time step: 549 | Execution time: 27s | Avg. FB: 1.563806
Time step: 550 | Execution time: 27s | Avg. FB: 1.563803
Time step: 551 | Execution time: 27s | Avg. FB: 1.563802
Time step: 552 | Execution time: 25s | Avg. FB: 1.563795
Time step: 553 | Execution time: 27s | Avg. FB: 1.563786
Time step: 554 | Execution time: 26s | Avg. FB: 1.563784
Time step: 555 | Execution time: 89s | Avg. FB: 1.563788
Time step: 556 | Execution time: 27s | Avg. FB: 1.563779
Time step: 557 | Execution time: 27s | Avg. FB: 1.563770
Time step: 558 | Execution time: 27s | Avg. FB: 1.563763
Time step: 559 | Execution time: 27s | Avg. FB: 1.563764
Time step: 560 | Execution time: 26s | Avg. FB: 1.563760
Time step: 561 | Execution time: 28s | Avg. FB: 1.563761
Time step: 562 | Execution time: 27s | Avg. FB: 1.563760
Time step: 563 | Execution time: 28s | Avg. FB: 1.563760
Time step: 564 | Execution time: 27s | Avg. FB: 1.563750
Time step: 565 | Execution time: 28s | Avg. FB: 1.563752
Time step: 566 | Execution time: 26s | Avg. FB: 1.563754
Time step: 567 | Execution time: 27s | Avg. FB: 1.563752
Time step: 568 | Execution time: 27s | Avg. FB: 1.563751
Time step: 569 | Execution time: 27s | Avg. FB: 1.563742
Time step: 570 | Execution time: 28s | Avg. FB: 1.563741
Time step: 571 | Execution time: 28s | Avg. FB: 1.563744
Time step: 572 | Execution time: 28s | Avg. FB: 1.563747
Time step: 573 | Execution time: 27s | Avg. FB: 1.563743
Time step: 574 | Execution time: 28s | Avg. FB: 1.563741
Time step: 575 | Execution time: 27s | Avg. FB: 1.563739
Time step: 576 | Execution time: 27s | Avg. FB: 1.563729
Time step: 577 | Execution time: 28s | Avg. FB: 1.563723
Time step: 578 | Execution time: 28s | Avg. FB: 1.563725
Time step: 579 | Execution time: 28s | Avg. FB: 1.563720
Time step: 580 | Execution time: 27s | Avg. FB: 1.563721
Time step: 581 | Execution time: 27s | Avg. FB: 1.563718
Time step: 582 | Execution time: 27s | Avg. FB: 1.563725
Time step: 583 | Execution time: 27s | Avg. FB: 1.563706
Time step: 584 | Execution time: 28s | Avg. FB: 1.563705
Time step: 585 | Execution time: 28s | Avg. FB: 1.563711
Time step: 586 | Execution time: 27s | Avg. FB: 1.563710
Time step: 587 | Execution time: 27s | Avg. FB: 1.563711
Time step: 588 | Execution time: 28s | Avg. FB: 1.563714
Time step: 589 | Execution time: 29s | Avg. FB: 1.563692
Time step: 590 | Execution time: 27s | Avg. FB: 1.563689
Time step: 591 | Execution time: 29s | Avg. FB: 1.563681
Time step: 592 | Execution time: 29s | Avg. FB: 1.563682
Time step: 593 | Execution time: 29s | Avg. FB: 1.563682
Time step: 594 | Execution time: 29s | Avg. FB: 1.563682
Time step: 595 | Execution time: 26s | Avg. FB: 1.563669
Time step: 596 | Execution time: 26s | Avg. FB: 1.563666
Time step: 597 | Execution time: 28s | Avg. FB: 1.563667
Time step: 598 | Execution time: 26s | Avg. FB: 1.563673
Time step: 599 | Execution time: 28s | Avg. FB: 1.563671
Time step: 600 | Execution time: 27s | Avg. FB: 1.563665
Time step: 601 | Execution time: 27s | Avg. FB: 1.563668
Time step: 602 | Execution time: 28s | Avg. FB: 1.563668
Time step: 603 | Execution time: 26s | Avg. FB: 1.563663
Time step: 604 | Execution time: 27s | Avg. FB: 1.563660
Time step: 605 | Execution time: 29s | Avg. FB: 1.563656
Time step: 606 | Execution time: 27s | Avg. FB: 1.563657
Time step: 607 | Execution time: 28s | Avg. FB: 1.563657
Time step: 608 | Execution time: 29s | Avg. FB: 1.563655
Time step: 609 | Execution time: 29s | Avg. FB: 1.563650
Time step: 610 | Execution time: 27s | Avg. FB: 1.563655
Time step: 611 | Execution time: 28s | Avg. FB: 1.563658
Time step: 612 | Execution time: 28s | Avg. FB: 1.563650
Time step: 613 | Execution time: 28s | Avg. FB: 1.563649
Time step: 614 | Execution time: 27s | Avg. FB: 1.563651
Time step: 615 | Execution time: 28s | Avg. FB: 1.563653
Time step: 616 | Execution time: 29s | Avg. FB: 1.563649
Time step: 617 | Execution time: 28s | Avg. FB: 1.563647
Time step: 618 | Execution time: 28s | Avg. FB: 1.563650
Time step: 619 | Execution time: 27s | Avg. FB: 1.563644
Time step: 620 | Execution time: 29s | Avg. FB: 1.563638
Time step: 621 | Execution time: 29s | Avg. FB: 1.563636
Time step: 622 | Execution time: 29s | Avg. FB: 1.563631
Time step: 623 | Execution time: 28s | Avg. FB: 1.563629
Time step: 624 | Execution time: 28s | Avg. FB: 1.563628
Time step: 625 | Execution time: 28s | Avg. FB: 1.563622
Time step: 626 | Execution time: 29s | Avg. FB: 1.563619
Time step: 627 | Execution time: 30s | Avg. FB: 1.563620
Time step: 628 | Execution time: 30s | Avg. FB: 1.563625
Time step: 629 | Execution time: 29s | Avg. FB: 1.563632
Time step: 630 | Execution time: 27s | Avg. FB: 1.563633
Time step: 631 | Execution time: 29s | Avg. FB: 1.563634
Time step: 632 | Execution time: 30s | Avg. FB: 1.563639
Time step: 633 | Execution time: 29s | Avg. FB: 1.563643
Time step: 634 | Execution time: 29s | Avg. FB: 1.563638
Time step: 635 | Execution time: 28s | Avg. FB: 1.563636
Time step: 636 | Execution time: 28s | Avg. FB: 1.563637
Time step: 637 | Execution time: 29s | Avg. FB: 1.563637
Time step: 638 | Execution time: 29s | Avg. FB: 1.563637
Time step: 639 | Execution time: 30s | Avg. FB: 1.563638
Time step: 640 | Execution time: 30s | Avg. FB: 1.563643
Time step: 641 | Execution time: 30s | Avg. FB: 1.563632
Time step: 642 | Execution time: 30s | Avg. FB: 1.563627
Time step: 643 | Execution time: 29s | Avg. FB: 1.563631
Time step: 644 | Execution time: 29s | Avg. FB: 1.563635
Time step: 645 | Execution time: 29s | Avg. FB: 1.563641
Time step: 646 | Execution time: 30s | Avg. FB: 1.563641
Time step: 647 | Execution time: 30s | Avg. FB: 1.563638
Time step: 648 | Execution time: 30s | Avg. FB: 1.563643
Time step: 649 | Execution time: 30s | Avg. FB: 1.563632
Time step: 650 | Execution time: 29s | Avg. FB: 1.563638
Time step: 651 | Execution time: 30s | Avg. FB: 1.563642
Time step: 652 | Execution time: 31s | Avg. FB: 1.563637
Time step: 653 | Execution time: 31s | Avg. FB: 1.563633
Time step: 654 | Execution time: 30s | Avg. FB: 1.563631
Time step: 655 | Execution time: 31s | Avg. FB: 1.563631
Time step: 656 | Execution time: 31s | Avg. FB: 1.563635
Time step: 657 | Execution time: 28s | Avg. FB: 1.563641
Time step: 658 | Execution time: 28s | Avg. FB: 1.563642
Time step: 659 | Execution time: 28s | Avg. FB: 1.563634
Time step: 660 | Execution time: 30s | Avg. FB: 1.563634
Time step: 661 | Execution time: 27s | Avg. FB: 1.563631
Time step: 662 | Execution time: 30s | Avg. FB: 1.563631
Time step: 663 | Execution time: 30s | Avg. FB: 1.563623
Time step: 664 | Execution time: 28s | Avg. FB: 1.563620
Time step: 665 | Execution time: 30s | Avg. FB: 1.563609
Time step: 666 | Execution time: 31s | Avg. FB: 1.563609
Time step: 667 | Execution time: 28s | Avg. FB: 1.563615
Time step: 668 | Execution time: 30s | Avg. FB: 1.563620
Time step: 669 | Execution time: 30s | Avg. FB: 1.563621
Time step: 670 | Execution time: 29s | Avg. FB: 1.563622
Time step: 671 | Execution time: 30s | Avg. FB: 1.563625
Time step: 672 | Execution time: 31s | Avg. FB: 1.563623
Time step: 673 | Execution time: 31s | Avg. FB: 1.563621
Time step: 674 | Execution time: 28s | Avg. FB: 1.563627
Time step: 675 | Execution time: 31s | Avg. FB: 1.563627
Time step: 676 | Execution time: 30s | Avg. FB: 1.563631
Time step: 677 | Execution time: 30s | Avg. FB: 1.563633
Time step: 678 | Execution time: 30s | Avg. FB: 1.563632
Time step: 679 | Execution time: 30s | Avg. FB: 1.563632
Time step: 680 | Execution time: 31s | Avg. FB: 1.563635
Time step: 681 | Execution time: 31s | Avg. FB: 1.563634
Time step: 682 | Execution time: 32s | Avg. FB: 1.563634
Time step: 683 | Execution time: 30s | Avg. FB: 1.563642
Time step: 684 | Execution time: 31s | Avg. FB: 1.563642
Time step: 685 | Execution time: 31s | Avg. FB: 1.563646
Time step: 686 | Execution time: 30s | Avg. FB: 1.563648
Time step: 687 | Execution time: 31s | Avg. FB: 1.563647
Time step: 688 | Execution time: 31s | Avg. FB: 1.563651
Time step: 689 | Execution time: 30s | Avg. FB: 1.563653
Time step: 690 | Execution time: 31s | Avg. FB: 1.563653
Time step: 691 | Execution time: 31s | Avg. FB: 1.563654
Time step: 692 | Execution time: 31s | Avg. FB: 1.563659
Time step: 693 | Execution time: 108s | Avg. FB: 1.563652
Time step: 694 | Execution time: 31s | Avg. FB: 1.563656
Time step: 695 | Execution time: 30s | Avg. FB: 1.563662
Time step: 696 | Execution time: 31s | Avg. FB: 1.563670
Time step: 697 | Execution time: 31s | Avg. FB: 1.563675
Time step: 698 | Execution time: 29s | Avg. FB: 1.563684
Time step: 699 | Execution time: 31s | Avg. FB: 1.563685
Time step: 700 | Execution time: 31s | Avg. FB: 1.563686
Time step: 701 | Execution time: 31s | Avg. FB: 1.563686
Time step: 702 | Execution time: 31s | Avg. FB: 1.563690
Time step: 703 | Execution time: 30s | Avg. FB: 1.563681
Time step: 704 | Execution time: 31s | Avg. FB: 1.563682
Time step: 705 | Execution time: 29s | Avg. FB: 1.563685
Time step: 706 | Execution time: 31s | Avg. FB: 1.563685
Time step: 707 | Execution time: 31s | Avg. FB: 1.563688
Time step: 708 | Execution time: 31s | Avg. FB: 1.563694
Time step: 709 | Execution time: 32s | Avg. FB: 1.563695
Time step: 710 | Execution time: 32s | Avg. FB: 1.563696
Time step: 711 | Execution time: 31s | Avg. FB: 1.563701
Time step: 712 | Execution time: 30s | Avg. FB: 1.563703
Time step: 713 | Execution time: 29s | Avg. FB: 1.563705
Time step: 714 | Execution time: 30s | Avg. FB: 1.563706
Time step: 715 | Execution time: 29s | Avg. FB: 1.563704
Time step: 716 | Execution time: 31s | Avg. FB: 1.563706
Time step: 717 | Execution time: 30s | Avg. FB: 1.563705
Time step: 718 | Execution time: 31s | Avg. FB: 1.563705
Time step: 719 | Execution time: 30s | Avg. FB: 1.563702
Time step: 720 | Execution time: 30s | Avg. FB: 1.563707
Time step: 721 | Execution time: 31s | Avg. FB: 1.563706
Time step: 722 | Execution time: 31s | Avg. FB: 1.563708
Time step: 723 | Execution time: 29s | Avg. FB: 1.563712
Time step: 724 | Execution time: 31s | Avg. FB: 1.563713
Time step: 725 | Execution time: 31s | Avg. FB: 1.563718
Time step: 726 | Execution time: 32s | Avg. FB: 1.563712
Time step: 727 | Execution time: 32s | Avg. FB: 1.563709
Time step: 728 | Execution time: 32s | Avg. FB: 1.563712
Time step: 729 | Execution time: 32s | Avg. FB: 1.563714
Time step: 730 | Execution time: 31s | Avg. FB: 1.563715
Time step: 731 | Execution time: 31s | Avg. FB: 1.563716
Time step: 732 | Execution time: 32s | Avg. FB: 1.563713
Time step: 733 | Execution time: 32s | Avg. FB: 1.563715
Time step: 734 | Execution time: 32s | Avg. FB: 1.563719
Time step: 735 | Execution time: 31s | Avg. FB: 1.563725
Time step: 736 | Execution time: 32s | Avg. FB: 1.563722
Time step: 737 | Execution time: 32s | Avg. FB: 1.563724
Time step: 738 | Execution time: 32s | Avg. FB: 1.563717
Time step: 739 | Execution time: 32s | Avg. FB: 1.563710
Time step: 740 | Execution time: 30s | Avg. FB: 1.563708
Time step: 741 | Execution time: 32s | Avg. FB: 1.563713
Time step: 742 | Execution time: 31s | Avg. FB: 1.563714
Time step: 743 | Execution time: 33s | Avg. FB: 1.563717
Time step: 744 | Execution time: 32s | Avg. FB: 1.563718
Time step: 745 | Execution time: 32s | Avg. FB: 1.563719
Time step: 746 | Execution time: 31s | Avg. FB: 1.563713
Time step: 747 | Execution time: 32s | Avg. FB: 1.563712
Time step: 748 | Execution time: 33s | Avg. FB: 1.563711
Time step: 749 | Execution time: 33s | Avg. FB: 1.563704
Time step: 750 | Execution time: 33s | Avg. FB: 1.563701
Time step: 751 | Execution time: 32s | Avg. FB: 1.563703
Time step: 752 | Execution time: 32s | Avg. FB: 1.563706
Time step: 753 | Execution time: 32s | Avg. FB: 1.563707
Time step: 754 | Execution time: 32s | Avg. FB: 1.563708
Time step: 755 | Execution time: 32s | Avg. FB: 1.563708
Time step: 756 | Execution time: 32s | Avg. FB: 1.563705
Time step: 757 | Execution time: 33s | Avg. FB: 1.563709
Time step: 758 | Execution time: 32s | Avg. FB: 1.563711
Time step: 759 | Execution time: 33s | Avg. FB: 1.563707
Time step: 760 | Execution time: 33s | Avg. FB: 1.563705
Time step: 761 | Execution time: 33s | Avg. FB: 1.563707
Time step: 762 | Execution time: 33s | Avg. FB: 1.563708
Time step: 763 | Execution time: 33s | Avg. FB: 1.563697
Time step: 764 | Execution time: 33s | Avg. FB: 1.563696
Time step: 765 | Execution time: 32s | Avg. FB: 1.563696
Time step: 766 | Execution time: 30s | Avg. FB: 1.563700
Time step: 767 | Execution time: 31s | Avg. FB: 1.563696
Time step: 768 | Execution time: 31s | Avg. FB: 1.563700
Time step: 769 | Execution time: 34s | Avg. FB: 1.563697
Time step: 770 | Execution time: 32s | Avg. FB: 1.563697
Time step: 771 | Execution time: 33s | Avg. FB: 1.563699
Time step: 772 | Execution time: 31s | Avg. FB: 1.563702
Time step: 773 | Execution time: 34s | Avg. FB: 1.563702
Time step: 774 | Execution time: 33s | Avg. FB: 1.563707
Time step: 775 | Execution time: 31s | Avg. FB: 1.563709
Time step: 776 | Execution time: 33s | Avg. FB: 1.563709
Time step: 777 | Execution time: 33s | Avg. FB: 1.563707
Time step: 778 | Execution time: 33s | Avg. FB: 1.563712
Time step: 779 | Execution time: 33s | Avg. FB: 1.563713
Time step: 780 | Execution time: 34s | Avg. FB: 1.563716
Time step: 781 | Execution time: 34s | Avg. FB: 1.563712
Time step: 782 | Execution time: 33s | Avg. FB: 1.563718
Time step: 783 | Execution time: 32s | Avg. FB: 1.563721
Time step: 784 | Execution time: 33s | Avg. FB: 1.563718
Time step: 785 | Execution time: 33s | Avg. FB: 1.563718
Time step: 786 | Execution time: 33s | Avg. FB: 1.563725
Time step: 787 | Execution time: 32s | Avg. FB: 1.563723
Time step: 788 | Execution time: 33s | Avg. FB: 1.563721
Time step: 789 | Execution time: 34s | Avg. FB: 1.563717
Time step: 790 | Execution time: 34s | Avg. FB: 1.563715
Time step: 791 | Execution time: 34s | Avg. FB: 1.563717
Time step: 792 | Execution time: 32s | Avg. FB: 1.563708
Time step: 793 | Execution time: 34s | Avg. FB: 1.563708
Time step: 794 | Execution time: 34s | Avg. FB: 1.563708
Time step: 795 | Execution time: 34s | Avg. FB: 1.563713
Time step: 796 | Execution time: 34s | Avg. FB: 1.563710
Time step: 797 | Execution time: 33s | Avg. FB: 1.563717
Time step: 798 | Execution time: 34s | Avg. FB: 1.563715
Time step: 799 | Execution time: 34s | Avg. FB: 1.563715
Time step: 800 | Execution time: 33s | Avg. FB: 1.563712
Time step: 801 | Execution time: 34s | Avg. FB: 1.563711
Time step: 802 | Execution time: 34s | Avg. FB: 1.563706
Time step: 803 | Execution time: 33s | Avg. FB: 1.563697
Time step: 804 | Execution time: 34s | Avg. FB: 1.563693
Time step: 805 | Execution time: 34s | Avg. FB: 1.563687
Time step: 806 | Execution time: 34s | Avg. FB: 1.563685
Time step: 807 | Execution time: 34s | Avg. FB: 1.563684
Time step: 808 | Execution time: 33s | Avg. FB: 1.563688
Time step: 809 | Execution time: 33s | Avg. FB: 1.563691
Time step: 810 | Execution time: 35s | Avg. FB: 1.563692
Time step: 811 | Execution time: 34s | Avg. FB: 1.563689
Time step: 812 | Execution time: 35s | Avg. FB: 1.563684
Time step: 813 | Execution time: 35s | Avg. FB: 1.563682
Time step: 814 | Execution time: 35s | Avg. FB: 1.563684
Time step: 815 | Execution time: 34s | Avg. FB: 1.563684
Time step: 816 | Execution time: 32s | Avg. FB: 1.563685
Time step: 817 | Execution time: 33s | Avg. FB: 1.563684
Time step: 818 | Execution time: 32s | Avg. FB: 1.563681
Time step: 819 | Execution time: 34s | Avg. FB: 1.563681
Time step: 820 | Execution time: 23s | Avg. FB: 1.563681
Time step: 821 | Execution time: 24s | Avg. FB: 1.563675
Time step: 822 | Execution time: 34s | Avg. FB: 1.563669
Time step: 823 | Execution time: 34s | Avg. FB: 1.563670
Time step: 824 | Execution time: 34s | Avg. FB: 1.563665
Time step: 825 | Execution time: 34s | Avg. FB: 1.563662
Time step: 826 | Execution time: 33s | Avg. FB: 1.563664
Time step: 827 | Execution time: 34s | Avg. FB: 1.563661
Time step: 828 | Execution time: 35s | Avg. FB: 1.563662
Time step: 829 | Execution time: 34s | Avg. FB: 1.563664
Time step: 830 | Execution time: 34s | Avg. FB: 1.563667
Time step: 831 | Execution time: 35s | Avg. FB: 1.563660
Time step: 832 | Execution time: 35s | Avg. FB: 1.563659
Time step: 833 | Execution time: 34s | Avg. FB: 1.563656
Time step: 834 | Execution time: 35s | Avg. FB: 1.563650
Time step: 835 | Execution time: 33s | Avg. FB: 1.563639
Time step: 836 | Execution time: 34s | Avg. FB: 1.563639
Time step: 837 | Execution time: 34s | Avg. FB: 1.563638
Time step: 838 | Execution time: 34s | Avg. FB: 1.563636
Time step: 839 | Execution time: 35s | Avg. FB: 1.563637
Time step: 840 | Execution time: 35s | Avg. FB: 1.563636
Time step: 841 | Execution time: 35s | Avg. FB: 1.563637
Time step: 842 | Execution time: 35s | Avg. FB: 1.563638
Time step: 843 | Execution time: 34s | Avg. FB: 1.563642
Time step: 844 | Execution time: 34s | Avg. FB: 1.563643
Time step: 845 | Execution time: 36s | Avg. FB: 1.563644
Time step: 846 | Execution time: 36s | Avg. FB: 1.563648
Time step: 847 | Execution time: 34s | Avg. FB: 1.563654
Time step: 848 | Execution time: 34s | Avg. FB: 1.563654
Time step: 849 | Execution time: 35s | Avg. FB: 1.563658
Time step: 850 | Execution time: 35s | Avg. FB: 1.563648
Time step: 851 | Execution time: 35s | Avg. FB: 1.563649
Time step: 852 | Execution time: 35s | Avg. FB: 1.563652
Time step: 853 | Execution time: 35s | Avg. FB: 1.563634
Time step: 854 | Execution time: 35s | Avg. FB: 1.563629
Time step: 855 | Execution time: 36s | Avg. FB: 1.563628
Time step: 856 | Execution time: 35s | Avg. FB: 1.563629
Time step: 857 | Execution time: 36s | Avg. FB: 1.563629
Time step: 858 | Execution time: 36s | Avg. FB: 1.563625
Time step: 859 | Execution time: 35s | Avg. FB: 1.563626
Time step: 860 | Execution time: 36s | Avg. FB: 1.563621
Time step: 861 | Execution time: 36s | Avg. FB: 1.563623
Time step: 862 | Execution time: 36s | Avg. FB: 1.563626
Time step: 863 | Execution time: 35s | Avg. FB: 1.563624
Time step: 864 | Execution time: 123s | Avg. FB: 1.563627
Time step: 865 | Execution time: 32s | Avg. FB: 1.563618
Time step: 866 | Execution time: 35s | Avg. FB: 1.563618
Time step: 867 | Execution time: 34s | Avg. FB: 1.563619
Time step: 868 | Execution time: 35s | Avg. FB: 1.563623
Time step: 869 | Execution time: 33s | Avg. FB: 1.563630
Time step: 870 | Execution time: 35s | Avg. FB: 1.563631
Time step: 871 | Execution time: 36s | Avg. FB: 1.563627
Time step: 872 | Execution time: 34s | Avg. FB: 1.563627
Time step: 873 | Execution time: 35s | Avg. FB: 1.563629
Time step: 874 | Execution time: 35s | Avg. FB: 1.563632
Time step: 875 | Execution time: 34s | Avg. FB: 1.563637
Time step: 876 | Execution time: 37s | Avg. FB: 1.563632
Time step: 877 | Execution time: 36s | Avg. FB: 1.563634
Time step: 878 | Execution time: 36s | Avg. FB: 1.563638
Time step: 879 | Execution time: 35s | Avg. FB: 1.563636
Time step: 880 | Execution time: 36s | Avg. FB: 1.563633
Time step: 881 | Execution time: 36s | Avg. FB: 1.563632
Time step: 882 | Execution time: 37s | Avg. FB: 1.563633
Time step: 883 | Execution time: 35s | Avg. FB: 1.563633
Time step: 884 | Execution time: 36s | Avg. FB: 1.563635
Time step: 885 | Execution time: 36s | Avg. FB: 1.563639
Time step: 886 | Execution time: 37s | Avg. FB: 1.563640
Time step: 887 | Execution time: 35s | Avg. FB: 1.563638
Time step: 888 | Execution time: 36s | Avg. FB: 1.563642
Time step: 889 | Execution time: 36s | Avg. FB: 1.563639
Time step: 890 | Execution time: 37s | Avg. FB: 1.563644
Time step: 891 | Execution time: 37s | Avg. FB: 1.563643
Time step: 892 | Execution time: 36s | Avg. FB: 1.563646
Time step: 893 | Execution time: 36s | Avg. FB: 1.563648
Time step: 894 | Execution time: 36s | Avg. FB: 1.563652
Time step: 895 | Execution time: 36s | Avg. FB: 1.563648
Time step: 896 | Execution time: 37s | Avg. FB: 1.563649
Time step: 897 | Execution time: 37s | Avg. FB: 1.563649
Time step: 898 | Execution time: 36s | Avg. FB: 1.563653
Time step: 899 | Execution time: 36s | Avg. FB: 1.563654
Time step: 900 | Execution time: 36s | Avg. FB: 1.563655
Time step: 901 | Execution time: 36s | Avg. FB: 1.563655
Time step: 902 | Execution time: 37s | Avg. FB: 1.563644
Time step: 903 | Execution time: 36s | Avg. FB: 1.563642
Time step: 904 | Execution time: 36s | Avg. FB: 1.563646
Time step: 905 | Execution time: 37s | Avg. FB: 1.563648
Time step: 906 | Execution time: 37s | Avg. FB: 1.563645
Time step: 907 | Execution time: 38s | Avg. FB: 1.563648
Time step: 908 | Execution time: 38s | Avg. FB: 1.563651
Time step: 909 | Execution time: 37s | Avg. FB: 1.563650
Time step: 910 | Execution time: 34s | Avg. FB: 1.563649
Time step: 911 | Execution time: 35s | Avg. FB: 1.563652
Time step: 912 | Execution time: 35s | Avg. FB: 1.563652
Time step: 913 | Execution time: 37s | Avg. FB: 1.563655
Time step: 914 | Execution time: 35s | Avg. FB: 1.563654
Time step: 915 | Execution time: 36s | Avg. FB: 1.563652
Time step: 916 | Execution time: 36s | Avg. FB: 1.563650
Time step: 917 | Execution time: 37s | Avg. FB: 1.563651
Time step: 918 | Execution time: 36s | Avg. FB: 1.563650
Time step: 919 | Execution time: 36s | Avg. FB: 1.563650
Time step: 920 | Execution time: 38s | Avg. FB: 1.563645
Time step: 921 | Execution time: 37s | Avg. FB: 1.563646
Time step: 922 | Execution time: 37s | Avg. FB: 1.563645
Time step: 923 | Execution time: 38s | Avg. FB: 1.563644
Time step: 924 | Execution time: 37s | Avg. FB: 1.563645
Time step: 925 | Execution time: 36s | Avg. FB: 1.563645
Time step: 926 | Execution time: 38s | Avg. FB: 1.563645
Time step: 927 | Execution time: 37s | Avg. FB: 1.563642
Time step: 928 | Execution time: 37s | Avg. FB: 1.563644
Time step: 929 | Execution time: 36s | Avg. FB: 1.563641
Time step: 930 | Execution time: 37s | Avg. FB: 1.563639
Time step: 931 | Execution time: 38s | Avg. FB: 1.563640
Time step: 932 | Execution time: 36s | Avg. FB: 1.563640
Time step: 933 | Execution time: 37s | Avg. FB: 1.563634
Time step: 934 | Execution time: 35s | Avg. FB: 1.563639
Time step: 935 | Execution time: 37s | Avg. FB: 1.563638
Time step: 936 | Execution time: 37s | Avg. FB: 1.563631
Time step: 937 | Execution time: 37s | Avg. FB: 1.563629
Time step: 938 | Execution time: 37s | Avg. FB: 1.563624
Time step: 939 | Execution time: 38s | Avg. FB: 1.563620
Time step: 940 | Execution time: 38s | Avg. FB: 1.563621
Time step: 941 | Execution time: 37s | Avg. FB: 1.563623
Time step: 942 | Execution time: 38s | Avg. FB: 1.563626
Time step: 943 | Execution time: 38s | Avg. FB: 1.563627
Time step: 944 | Execution time: 37s | Avg. FB: 1.563628
Time step: 945 | Execution time: 38s | Avg. FB: 1.563626
Time step: 946 | Execution time: 38s | Avg. FB: 1.563622
Time step: 947 | Execution time: 37s | Avg. FB: 1.563625
Time step: 948 | Execution time: 37s | Avg. FB: 1.563625
Time step: 949 | Execution time: 37s | Avg. FB: 1.563625
Time step: 950 | Execution time: 38s | Avg. FB: 1.563627
Time step: 951 | Execution time: 39s | Avg. FB: 1.563629
Time step: 952 | Execution time: 39s | Avg. FB: 1.563630
Time step: 953 | Execution time: 39s | Avg. FB: 1.563628
Time step: 954 | Execution time: 39s | Avg. FB: 1.563631
Time step: 955 | Execution time: 35s | Avg. FB: 1.563627
Time step: 956 | Execution time: 36s | Avg. FB: 1.563626
Time step: 957 | Execution time: 37s | Avg. FB: 1.563627
Time step: 958 | Execution time: 37s | Avg. FB: 1.563627
Time step: 959 | Execution time: 37s | Avg. FB: 1.563626
Time step: 960 | Execution time: 38s | Avg. FB: 1.563626
Time step: 961 | Execution time: 38s | Avg. FB: 1.563630
Time step: 962 | Execution time: 37s | Avg. FB: 1.563633
Time step: 963 | Execution time: 38s | Avg. FB: 1.563637
Time step: 964 | Execution time: 37s | Avg. FB: 1.563640
Time step: 965 | Execution time: 39s | Avg. FB: 1.563635
Time step: 966 | Execution time: 39s | Avg. FB: 1.563635
Time step: 967 | Execution time: 38s | Avg. FB: 1.563636
Time step: 968 | Execution time: 37s | Avg. FB: 1.563640
Time step: 969 | Execution time: 38s | Avg. FB: 1.563642
Time step: 970 | Execution time: 39s | Avg. FB: 1.563643
Time step: 971 | Execution time: 38s | Avg. FB: 1.563647
Time step: 972 | Execution time: 38s | Avg. FB: 1.563650
Time step: 973 | Execution time: 39s | Avg. FB: 1.563652
Time step: 974 | Execution time: 39s | Avg. FB: 1.563655
Time step: 975 | Execution time: 38s | Avg. FB: 1.563660
Time step: 976 | Execution time: 39s | Avg. FB: 1.563663
Time step: 977 | Execution time: 39s | Avg. FB: 1.563665
Time step: 978 | Execution time: 39s | Avg. FB: 1.563666
Time step: 979 | Execution time: 38s | Avg. FB: 1.563671
Time step: 980 | Execution time: 37s | Avg. FB: 1.563675
Time step: 981 | Execution time: 39s | Avg. FB: 1.563679
Time step: 982 | Execution time: 39s | Avg. FB: 1.563682
Time step: 983 | Execution time: 39s | Avg. FB: 1.563681
Time step: 984 | Execution time: 40s | Avg. FB: 1.563680
Time step: 985 | Execution time: 38s | Avg. FB: 1.563682
Time step: 986 | Execution time: 39s | Avg. FB: 1.563683
Time step: 987 | Execution time: 39s | Avg. FB: 1.563686
Time step: 988 | Execution time: 40s | Avg. FB: 1.563675
Time step: 989 | Execution time: 39s | Avg. FB: 1.563674
Time step: 990 | Execution time: 39s | Avg. FB: 1.563672
Time step: 991 | Execution time: 38s | Avg. FB: 1.563671
Time step: 992 | Execution time: 40s | Avg. FB: 1.563673
Time step: 993 | Execution time: 40s | Avg. FB: 1.563673
Time step: 994 | Execution time: 41s | Avg. FB: 1.563674
Time step: 995 | Execution time: 40s | Avg. FB: 1.563673
Time step: 996 | Execution time: 40s | Avg. FB: 1.563668
Time step: 997 | Execution time: 37s | Avg. FB: 1.563671
Time step: 998 | Execution time: 40s | Avg. FB: 1.563673
Time step: 999 | Execution time: 39s | Avg. FB: 1.563669
